<?xml version="1.0" encoding="UTF-8"?>
<!-- Generated by org.testng.reporters.JUnitReportReporter -->
<testsuite hostname="DESKTOP-K1ODCR1" failures="0" tests="2" name="testCase.SampleTest" time="2.152" errors="0" timestamp="2022-07-27T20:24:04 IST" skipped="0">
  <testcase classname="testCase.SampleTest" name="getTitle" time="0.012"/>
  <system-out/>
  <testcase classname="testCase.SampleTest" name="login" time="2.140"/>
  <system-out/>
</testsuite> <!-- testCase.SampleTest -->
