<?xml version="1.0" encoding="UTF-8"?>
<!-- Generated by org.testng.reporters.JUnitReportReporter -->
<testsuite skipped="0" hostname="DESKTOP-K1ODCR1" name="testCase.SampleTest" tests="2" failures="0" timestamp="28 Jul 2022 13:40:01 GMT" time="2.178" errors="0">
  <testcase name="getTitle" time="0.011" classname="testCase.SampleTest"/>
  <testcase name="login" time="2.167" classname="testCase.SampleTest"/>
</testsuite> <!-- testCase.SampleTest -->
